#
# There is insufficient memory for the Java Runtime Environment to continue.
# Native memory allocation (malloc) failed to allocate 401456 bytes for Chunk::new
# Possible reasons:
#   The system is out of physical RAM or swap space
#   The process is running with CompressedOops enabled, and the Java Heap may be blocking the growth of the native heap
# Possible solutions:
#   Reduce memory load on the system
#   Increase physical memory or swap space
#   Check if swap backing store is full
#   Decrease Java heap size (-Xmx/-Xms)
#   Decrease number of Java threads
#   Decrease Java thread stack sizes (-Xss)
#   Set larger code cache with -XX:ReservedCodeCacheSize=
#   JVM is running with Unscaled Compressed Oops mode in which the Java heap is
#     placed in the first 4GB address space. The Java Heap base address is the
#     maximum limit for the native heap growth. Please use -XX:HeapBaseMinAddress
#     to set the Java Heap base and to place the Java Heap above 4GB virtual address.
# This output file may be truncated or incomplete.
#
#  Out of Memory Error (arena.cpp:189), pid=8452, tid=16304
#
# JRE version: Java(TM) SE Runtime Environment (17.0.8+9) (build 17.0.8+9-LTS-211)
# Java VM: Java HotSpot(TM) 64-Bit Server VM (17.0.8+9-LTS-211, mixed mode, sharing, tiered, compressed oops, compressed class ptrs, g1 gc, windows-amd64)
# No core dump will be written. Minidumps are not enabled by default on client versions of Windows
#

---------------  S U M M A R Y ------------

Command Line: -Djava.awt.headless=true -Djava.util.logging.config.file=C:\Users\andyk\.android\utp\logging10282557038944736970properties -Dfile.encoding=UTF-8 -Duser.country=RU -Duser.language=ru -Duser.variant com.google.testing.platform.launcher.Launcher C:\Users\andyk\.gradle\caches\modules-2\files-2.1\com.google.testing.platform\core\0.0.8-alpha07\185ff5f0c2380a7a283320bc5ec9130dbcbbb030\core-0.0.8-alpha07.jar --proto_config=C:\Users\andyk\.android\utp\runnerConfig7530380933645665322.pb --proto_server_config=C:\Users\andyk\.android\utp\serverConfig12692373199467679159.pb

Host: Intel(R) Core(TM) i3-1005G1 CPU @ 1.20GHz, 4 cores, 7G,  Windows 10 , 64 bit Build 19041 (10.0.19041.3636)
Time: Tue Apr 23 20:51:57 2024 RTZ 2 (s 10 , 64 bit Build 19041 (10.0.19041.3636) elapsed time: 398.528594 seconds (0d 0h 6m 38s)

---------------  T H R E A D  ---------------

Current thread (0x00000202c8729bb0):  JavaThread "C2 CompilerThread0" daemon [_thread_in_native, id=16304, stack(0x000000d20fe00000,0x000000d20ff00000)]


Current CompileTask:
C2: 398528 2623       4       java.io.DataInputStream::readUTF (501 bytes)

Stack: [0x000000d20fe00000,0x000000d20ff00000]
Native frames: (J=compiled Java code, j=interpreted, Vv=VM code, C=native code)
V  [jvm.dll+0x677d0a]
V  [jvm.dll+0x7d8c54]
V  [jvm.dll+0x7da3fe]
V  [jvm.dll+0x7daa63]
V  [jvm.dll+0x245c5f]
V  [jvm.dll+0xaaa6b]
V  [jvm.dll+0xab00c]
V  [jvm.dll+0x361e3f]
V  [jvm.dll+0x32c551]
V  [jvm.dll+0x32b9ea]
V  [jvm.dll+0x217fff]
V  [jvm.dll+0x217431]
V  [jvm.dll+0x1a3af0]
V  [jvm.dll+0x2270be]
V  [jvm.dll+0x22535b]
V  [jvm.dll+0x78e7bc]
V  [jvm.dll+0x788bba]
V  [jvm.dll+0x676b35]
C  [ucrtbase.dll+0x21bb2]
C  [KERNEL32.DLL+0x17344]
C  [ntdll.dll+0x526b1]


---------------  P R O C E S S  ---------------

Threads class SMR info:
_java_thread_list=0x0000020310bb4ec0, length=21, elements={
0x00000202a900aa80, 0x00000202c870d2d0, 0x00000202c870de80, 0x00000202c87210d0,
0x00000202c8723aa0, 0x00000202c8726460, 0x00000202c8726e10, 0x00000202c8729bb0,
0x00000202c8735b60, 0x00000202c8736550, 0x00000202c8978fc0, 0x00000202c897dcc0,
0x000002030f4e4b50, 0x000002030f504980, 0x000002030f1623a0, 0x000002030f1a6230,
0x000002030f1953d0, 0x000002030f9ee730, 0x000002030f259390, 0x000002030f25b070,
0x000002030f25ba10
}

Java Threads: ( => current thread )
  0x00000202a900aa80 JavaThread "main" [_thread_in_vm, id=13552, stack(0x000000d20f100000,0x000000d20f200000)]
  0x00000202c870d2d0 JavaThread "Reference Handler" daemon [_thread_blocked, id=6916, stack(0x000000d20f800000,0x000000d20f900000)]
  0x00000202c870de80 JavaThread "Finalizer" daemon [_thread_blocked, id=1948, stack(0x000000d20f900000,0x000000d20fa00000)]
  0x00000202c87210d0 JavaThread "Signal Dispatcher" daemon [_thread_blocked, id=11496, stack(0x000000d20fa00000,0x000000d20fb00000)]
  0x00000202c8723aa0 JavaThread "Attach Listener" daemon [_thread_blocked, id=7424, stack(0x000000d20fb00000,0x000000d20fc00000)]
  0x00000202c8726460 JavaThread "Service Thread" daemon [_thread_blocked, id=8356, stack(0x000000d20fc00000,0x000000d20fd00000)]
  0x00000202c8726e10 JavaThread "Monitor Deflation Thread" daemon [_thread_blocked, id=15288, stack(0x000000d20fd00000,0x000000d20fe00000)]
=>0x00000202c8729bb0 JavaThread "C2 CompilerThread0" daemon [_thread_in_native, id=16304, stack(0x000000d20fe00000,0x000000d20ff00000)]
  0x00000202c8735b60 JavaThread "C1 CompilerThread0" daemon [_thread_blocked, id=14276, stack(0x000000d20ff00000,0x000000d210000000)]
  0x00000202c8736550 JavaThread "Sweeper thread" daemon [_thread_blocked, id=14156, stack(0x000000d210000000,0x000000d210100000)]
  0x00000202c8978fc0 JavaThread "Notification Thread" daemon [_thread_blocked, id=6732, stack(0x000000d210100000,0x000000d210200000)]
  0x00000202c897dcc0 JavaThread "Common-Cleaner" daemon [_thread_blocked, id=14796, stack(0x000000d210300000,0x000000d210400000)]
  0x000002030f4e4b50 JavaThread "grpc-nio-worker-ELG-4-1" daemon [_thread_in_native, id=17936, stack(0x000000d210700000,0x000000d210800000)]
  0x000002030f504980 JavaThread "Monitor" [_thread_in_native, id=8736, stack(0x000000d210900000,0x000000d210a00000)]
  0x000002030f1623a0 JavaThread "grpc-nio-worker-ELG-4-2" daemon [_thread_in_native, id=6396, stack(0x000000d210b00000,0x000000d210c00000)]
  0x000002030f1a6230 JavaThread "JdwpProxyConnection" [_thread_in_native, id=16580, stack(0x000000d210a00000,0x000000d210b00000)]
  0x000002030f1953d0 JavaThread "Device Client Monitor" [_thread_in_native, id=18344, stack(0x000000d210d00000,0x000000d210e00000)]
  0x000002030f9ee730 JavaThread "Device List Monitor" [_thread_blocked, id=17676, stack(0x000000d210e00000,0x000000d210f00000)]
  0x000002030f259390 JavaThread "DefaultDispatcher-worker-1" daemon [_thread_blocked, id=15904, stack(0x000000d210f00000,0x000000d211000000)]
  0x000002030f25b070 JavaThread "DefaultDispatcher-worker-2" daemon [_thread_blocked, id=2740, stack(0x000000d211000000,0x000000d211100000)]
  0x000002030f25ba10 JavaThread "kotlinx.coroutines.DefaultExecutor" daemon [_thread_blocked, id=15100, stack(0x000000d211100000,0x000000d211200000)]

Other Threads:
  0x00000202c8709840 VMThread "VM Thread" [stack: 0x000000d20f700000,0x000000d20f800000] [id=15356]
  0x00000202a90806d0 WatcherThread [stack: 0x000000d210200000,0x000000d210300000] [id=11456]
  0x00000202a9062650 GCTaskThread "GC Thread#0" [stack: 0x000000d20f200000,0x000000d20f300000] [id=16012]
  0x00000202c8a533e0 GCTaskThread "GC Thread#1" [stack: 0x000000d210400000,0x000000d210500000] [id=17788]
  0x00000202c8a53130 GCTaskThread "GC Thread#2" [stack: 0x000000d210500000,0x000000d210600000] [id=14664]
  0x00000202c8a54150 GCTaskThread "GC Thread#3" [stack: 0x000000d210600000,0x000000d210700000] [id=8100]
  0x00000202a9074f70 ConcurrentGCThread "G1 Main Marker" [stack: 0x000000d20f300000,0x000000d20f400000] [id=7728]
  0x00000202a9076120 ConcurrentGCThread "G1 Conc#0" [stack: 0x000000d20f400000,0x000000d20f500000] [id=18216]
  0x00000202a90ddd20 ConcurrentGCThread "G1 Refine#0" [stack: 0x000000d20f500000,0x000000d20f600000] [id=8896]
  0x000002030edfeab0 ConcurrentGCThread "G1 Refine#1" [stack: 0x000000d211400000,0x000000d211500000] [id=5836]
  0x00000202a90de740 ConcurrentGCThread "G1 Service" [stack: 0x000000d20f600000,0x000000d20f700000] [id=15984]

Threads with active compile tasks:
C2 CompilerThread0   398572 2623       4       java.io.DataInputStream::readUTF (501 bytes)

VM state: not at safepoint (normal execution)

VM Mutex/Monitor currently owned by a thread: None

Heap address: 0x0000000083200000, size: 1998 MB, Compressed Oops mode: 32-bit

CDS archive(s) mapped at: [0x00000202c9000000-0x00000202c9bd0000-0x00000202c9bd0000), size 12386304, SharedBaseAddress: 0x00000202c9000000, ArchiveRelocationMode: 1.
Compressed class space mapped at: 0x00000202ca000000-0x000002030a000000, reserved size: 1073741824
Narrow klass base: 0x00000202c9000000, Narrow klass shift: 0, Narrow klass range: 0x100000000

GC Precious Log:
 CPUs: 4 total, 4 available
 Memory: 7987M
 Large Page Support: Disabled
 NUMA Support: Disabled
 Compressed Oops: Enabled (32-bit)
 Heap Region Size: 1M
 Heap Min Capacity: 8M
 Heap Initial Capacity: 126M
 Heap Max Capacity: 1998M
 Pre-touch: Disabled
 Parallel Workers: 4
 Concurrent Workers: 1
 Concurrent Refinement Workers: 4
 Periodic GC: Disabled

Heap:
 garbage-first heap   total 45056K, used 18785K [0x0000000083200000, 0x0000000100000000)
  region size 1024K, 8 young (8192K), 1 survivors (1024K)
 Metaspace       used 27148K, committed 27392K, reserved 1114112K
  class space    used 3281K, committed 3392K, reserved 1048576K

Heap Regions: E=young(eden), S=young(survivor), O=old, HS=humongous(starts), HC=humongous(continues), CS=collection set, F=free, OA=open archive, CA=closed archive, TAMS=top-at-mark-start (previous, next)
|   0|0x0000000083200000, 0x0000000083300000, 0x0000000083300000|100%|HS|  |TAMS 0x0000000083300000, 0x0000000083200000| Complete 
|   1|0x0000000083300000, 0x0000000083400000, 0x0000000083400000|100%|HS|  |TAMS 0x0000000083400000, 0x0000000083300000| Complete 
|   2|0x0000000083400000, 0x0000000083500000, 0x0000000083500000|100%|HC|  |TAMS 0x0000000083500000, 0x0000000083400000| Complete 
|   3|0x0000000083500000, 0x0000000083600000, 0x0000000083600000|100%| O|  |TAMS 0x0000000083600000, 0x0000000083500000| Untracked 
|   4|0x0000000083600000, 0x0000000083700000, 0x0000000083700000|100%| O|  |TAMS 0x0000000083600000, 0x0000000083600000| Untracked 
|   5|0x0000000083700000, 0x0000000083800000, 0x0000000083800000|100%| O|  |TAMS 0x0000000083800000, 0x0000000083700000| Untracked 
|   6|0x0000000083800000, 0x0000000083800000, 0x0000000083900000|  0%| F|  |TAMS 0x0000000083800000, 0x0000000083800000| Untracked 
|   7|0x0000000083900000, 0x0000000083a00000, 0x0000000083a00000|100%| O|  |TAMS 0x0000000083900000, 0x0000000083900000| Untracked 
|   8|0x0000000083a00000, 0x0000000083b00000, 0x0000000083b00000|100%| O|  |TAMS 0x0000000083a00000, 0x0000000083a00000| Untracked 
|   9|0x0000000083b00000, 0x0000000083c00000, 0x0000000083c00000|100%| O|  |TAMS 0x0000000083b00000, 0x0000000083b00000| Untracked 
|  10|0x0000000083c00000, 0x0000000083d00000, 0x0000000083d00000|100%| O|  |TAMS 0x0000000083c00000, 0x0000000083c00000| Untracked 
|  11|0x0000000083d00000, 0x0000000083e00000, 0x0000000083e00000|100%| O|  |TAMS 0x0000000083d00000, 0x0000000083d00000| Untracked 
|  12|0x0000000083e00000, 0x0000000083f00000, 0x0000000083f00000|100%| O|  |TAMS 0x0000000083e00000, 0x0000000083e00000| Untracked 
|  13|0x0000000083f00000, 0x0000000083fd2000, 0x0000000084000000| 82%| O|  |TAMS 0x0000000083f00000, 0x0000000083f00000| Untracked 
|  14|0x0000000084000000, 0x0000000084000000, 0x0000000084100000|  0%| F|  |TAMS 0x0000000084000000, 0x0000000084000000| Untracked 
|  15|0x0000000084100000, 0x0000000084100000, 0x0000000084200000|  0%| F|  |TAMS 0x0000000084100000, 0x0000000084100000| Untracked 
|  16|0x0000000084200000, 0x0000000084200000, 0x0000000084300000|  0%| F|  |TAMS 0x0000000084200000, 0x0000000084200000| Untracked 
|  17|0x0000000084300000, 0x0000000084300000, 0x0000000084400000|  0%| F|  |TAMS 0x0000000084300000, 0x0000000084300000| Untracked 
|  18|0x0000000084400000, 0x0000000084400000, 0x0000000084500000|  0%| F|  |TAMS 0x0000000084400000, 0x0000000084400000| Untracked 
|  19|0x0000000084500000, 0x0000000084500000, 0x0000000084600000|  0%| F|  |TAMS 0x0000000084500000, 0x0000000084500000| Untracked 
|  20|0x0000000084600000, 0x0000000084600000, 0x0000000084700000|  0%| F|  |TAMS 0x0000000084600000, 0x0000000084600000| Untracked 
|  21|0x0000000084700000, 0x0000000084700000, 0x0000000084800000|  0%| F|  |TAMS 0x0000000084700000, 0x0000000084700000| Untracked 
|  22|0x0000000084800000, 0x00000000848867e8, 0x0000000084900000| 52%| S|CS|TAMS 0x0000000084800000, 0x0000000084800000| Complete 
|  23|0x0000000084900000, 0x0000000084900000, 0x0000000084a00000|  0%| F|  |TAMS 0x0000000084900000, 0x0000000084900000| Untracked 
|  24|0x0000000084a00000, 0x0000000084a00000, 0x0000000084b00000|  0%| F|  |TAMS 0x0000000084a00000, 0x0000000084a00000| Untracked 
|  25|0x0000000084b00000, 0x0000000084b00000, 0x0000000084c00000|  0%| F|  |TAMS 0x0000000084b00000, 0x0000000084b00000| Untracked 
|  26|0x0000000084c00000, 0x0000000084c00000, 0x0000000084d00000|  0%| F|  |TAMS 0x0000000084c00000, 0x0000000084c00000| Untracked 
|  27|0x0000000084d00000, 0x0000000084d00000, 0x0000000084e00000|  0%| F|  |TAMS 0x0000000084d00000, 0x0000000084d00000| Untracked 
|  28|0x0000000084e00000, 0x0000000084e00000, 0x0000000084f00000|  0%| F|  |TAMS 0x0000000084e00000, 0x0000000084e00000| Untracked 
|  29|0x0000000084f00000, 0x0000000084f00000, 0x0000000085000000|  0%| F|  |TAMS 0x0000000084f00000, 0x0000000084f00000| Untracked 
|  30|0x0000000085000000, 0x0000000085000000, 0x0000000085100000|  0%| F|  |TAMS 0x0000000085000000, 0x0000000085000000| Untracked 
|  31|0x0000000085100000, 0x0000000085100000, 0x0000000085200000|  0%| F|  |TAMS 0x0000000085100000, 0x0000000085100000| Untracked 
|  32|0x0000000085200000, 0x0000000085200000, 0x0000000085300000|  0%| F|  |TAMS 0x0000000085200000, 0x0000000085200000| Untracked 
|  33|0x0000000085300000, 0x0000000085300000, 0x0000000085400000|  0%| F|  |TAMS 0x0000000085300000, 0x0000000085300000| Untracked 
|  34|0x0000000085400000, 0x0000000085400000, 0x0000000085500000|  0%| F|  |TAMS 0x0000000085400000, 0x0000000085400000| Untracked 
|  35|0x0000000085500000, 0x0000000085500000, 0x0000000085600000|  0%| F|  |TAMS 0x0000000085500000, 0x0000000085500000| Untracked 
|  36|0x0000000085600000, 0x0000000085600000, 0x0000000085700000|  0%| F|  |TAMS 0x0000000085600000, 0x0000000085600000| Untracked 
|  88|0x0000000088a00000, 0x0000000088abf288, 0x0000000088b00000| 74%| E|  |TAMS 0x0000000088a00000, 0x0000000088a00000| Complete 
|  89|0x0000000088b00000, 0x0000000088c00000, 0x0000000088c00000|100%| E|CS|TAMS 0x0000000088b00000, 0x0000000088b00000| Complete 
|  90|0x0000000088c00000, 0x0000000088d00000, 0x0000000088d00000|100%| E|CS|TAMS 0x0000000088c00000, 0x0000000088c00000| Complete 
|  91|0x0000000088d00000, 0x0000000088e00000, 0x0000000088e00000|100%| E|CS|TAMS 0x0000000088d00000, 0x0000000088d00000| Complete 
|  92|0x0000000088e00000, 0x0000000088f00000, 0x0000000088f00000|100%| E|  |TAMS 0x0000000088e00000, 0x0000000088e00000| Complete 
|  93|0x0000000088f00000, 0x0000000089000000, 0x0000000089000000|100%| E|CS|TAMS 0x0000000088f00000, 0x0000000088f00000| Complete 
| 125|0x000000008af00000, 0x000000008b000000, 0x000000008b000000|100%| E|CS|TAMS 0x000000008af00000, 0x000000008af00000| Complete 

Card table byte_map: [0x00000202c1ac0000,0x00000202c1eb0000] _byte_map_base: 0x00000202c16a7000

Marking Bits (Prev, Next): (CMBitMap*) 0x00000202a9062ca0, (CMBitMap*) 0x00000202a9062c60
 Prev Bits: [0x00000202c41e0000, 0x00000202c6118000)
 Next Bits: [0x00000202c22a0000, 0x00000202c41d8000)

Polling page: 0x00000202a90e0000

Metaspace:

Usage:
  Non-class:     23.31 MB used.
      Class:      3.20 MB used.
       Both:     26.51 MB used.

Virtual space:
  Non-class space:       64.00 MB reserved,      23.44 MB ( 37%) committed,  1 nodes.
      Class space:        1.00 GB reserved,       3.31 MB ( <1%) committed,  1 nodes.
             Both:        1.06 GB reserved,      26.75 MB (  2%) committed. 

Chunk freelists:
   Non-Class:  8.06 MB
       Class:  12.56 MB
        Both:  20.62 MB

MaxMetaspaceSize: unlimited
CompressedClassSpaceSize: 1.00 GB
Initial GC threshold: 21.00 MB
Current GC threshold: 35.12 MB
CDS: on
MetaspaceReclaimPolicy: balanced
 - commit_granule_bytes: 65536.
 - commit_granule_words: 8192.
 - virtual_space_node_default_size: 8388608.
 - enlarge_chunks_in_place: 1.
 - new_chunks_are_fully_committed: 0.
 - uncommit_free_chunks: 1.
 - use_allocation_guard: 0.
 - handle_deallocations: 1.


Internal statistics:

num_allocs_failed_limit: 3.
num_arena_births: 130.
num_arena_deaths: 0.
num_vsnodes_births: 2.
num_vsnodes_deaths: 0.
num_space_committed: 428.
num_space_uncommitted: 0.
num_chunks_returned_to_freelist: 3.
num_chunks_taken_from_freelist: 958.
num_chunk_merges: 3.
num_chunk_splits: 677.
num_chunks_enlarged: 478.
num_purges: 0.
num_inconsistent_stats: 0.

CodeHeap 'non-profiled nmethods': size=120000Kb used=1192Kb max_used=1192Kb free=118807Kb
 bounds [0x00000202b9b80000, 0x00000202b9df0000, 0x00000202c10b0000]
CodeHeap 'profiled nmethods': size=120000Kb used=4577Kb max_used=4577Kb free=115422Kb
 bounds [0x00000202b20b0000, 0x00000202b2530000, 0x00000202b95e0000]
CodeHeap 'non-nmethods': size=5760Kb used=1302Kb max_used=1340Kb free=4457Kb
 bounds [0x00000202b95e0000, 0x00000202b9850000, 0x00000202b9b80000]
 total_blobs=3241 nmethods=2631 adapters=522
 compilation: enabled
              stopped_count=0, restarted_count=0
 full_count=0

Compilation events (20 events):
Event: 388.450 Thread 0x00000202c8735b60 2615   !   3       java.nio.DirectByteBuffer::address (53 bytes)
Event: 388.456 Thread 0x00000202c8735b60 nmethod 2615 0x00000202b2525410 code [0x00000202b2525620, 0x00000202b2525c68]
Event: 391.670 Thread 0x00000202c8729bb0 2616       4       java.util.Arrays::copyOf (40 bytes)
Event: 391.691 Thread 0x00000202c8729bb0 nmethod 2616 0x00000202b9ca7c10 code [0x00000202b9ca7da0, 0x00000202b9ca8218]
Event: 398.364 Thread 0x00000202c8735b60 2617       3       java.lang.StringLatin1::toChars (16 bytes)
Event: 398.365 Thread 0x00000202c8735b60 nmethod 2617 0x00000202b2525e90 code [0x00000202b2526040, 0x00000202b2526228]
Event: 398.380 Thread 0x00000202c8735b60 2618       1       java.net.InetSocketAddress$InetSocketAddressHolder::getAddress (5 bytes)
Event: 398.380 Thread 0x00000202c8735b60 nmethod 2618 0x00000202b9ca8490 code [0x00000202b9ca8620, 0x00000202b9ca86f8]
Event: 398.437 Thread 0x00000202c8729bb0 2619       4       java.util.Arrays$ArrayItr::hasNext (18 bytes)
Event: 398.437 Thread 0x00000202c8735b60 2621       1       kotlin.ranges.IntProgressionIterator::hasNext (5 bytes)
Event: 398.437 Thread 0x00000202c8735b60 nmethod 2621 0x00000202b9ca8790 code [0x00000202b9ca8920, 0x00000202b9ca89f8]
Event: 398.438 Thread 0x00000202c8729bb0 nmethod 2619 0x00000202b9ca8a90 code [0x00000202b9ca8c00, 0x00000202b9ca8c98]
Event: 398.438 Thread 0x00000202c8729bb0 2620       4       java.util.Arrays$ArrayItr::next (36 bytes)
Event: 398.439 Thread 0x00000202c8729bb0 nmethod 2620 0x00000202b9ca8d90 code [0x00000202b9ca8f00, 0x00000202b9ca8fd8]
Event: 398.477 Thread 0x00000202c8735b60 2622       3       java.util.concurrent.ConcurrentHashMap::<init> (5 bytes)
Event: 398.479 Thread 0x00000202c8735b60 nmethod 2622 0x00000202b2526310 code [0x00000202b25264c0, 0x00000202b2526678]
Event: 398.485 Thread 0x00000202c8729bb0 2623       4       java.io.DataInputStream::readUTF (501 bytes)
Event: 398.485 Thread 0x00000202c8735b60 2624       3       java.io.DataInputStream::readFully (9 bytes)
Event: 398.486 Thread 0x00000202c8735b60 nmethod 2624 0x00000202b2526790 code [0x00000202b2526940, 0x00000202b2526a88]
Event: 398.519 Thread 0x00000202c8735b60 2626       3       jdk.internal.jimage.ImageLocation::verify (218 bytes)

GC Heap History (16 events):
Event: 1.048 GC heap before
{Heap before GC invocations=0 (full 0):
 garbage-first heap   total 129024K, used 16384K [0x0000000083200000, 0x0000000100000000)
  region size 1024K, 13 young (13312K), 0 survivors (0K)
 Metaspace       used 5515K, committed 5696K, reserved 1114112K
  class space    used 621K, committed 704K, reserved 1048576K
}
Event: 1.051 GC heap after
{Heap after GC invocations=1 (full 0):
 garbage-first heap   total 129024K, used 5220K [0x0000000083200000, 0x0000000100000000)
  region size 1024K, 2 young (2048K), 2 survivors (2048K)
 Metaspace       used 5515K, committed 5696K, reserved 1114112K
  class space    used 621K, committed 704K, reserved 1048576K
}
Event: 1.740 GC heap before
{Heap before GC invocations=1 (full 0):
 garbage-first heap   total 129024K, used 22628K [0x0000000083200000, 0x0000000100000000)
  region size 1024K, 19 young (19456K), 2 survivors (2048K)
 Metaspace       used 11271K, committed 11520K, reserved 1114112K
  class space    used 1282K, committed 1408K, reserved 1048576K
}
Event: 1.745 GC heap after
{Heap after GC invocations=2 (full 0):
 garbage-first heap   total 129024K, used 8553K [0x0000000083200000, 0x0000000100000000)
  region size 1024K, 3 young (3072K), 3 survivors (3072K)
 Metaspace       used 11271K, committed 11520K, reserved 1114112K
  class space    used 1282K, committed 1408K, reserved 1048576K
}
Event: 2.782 GC heap before
{Heap before GC invocations=2 (full 0):
 garbage-first heap   total 129024K, used 37225K [0x0000000083200000, 0x0000000100000000)
  region size 1024K, 32 young (32768K), 3 survivors (3072K)
 Metaspace       used 21308K, committed 21504K, reserved 1114112K
  class space    used 2582K, committed 2688K, reserved 1048576K
}
Event: 2.788 GC heap after
{Heap after GC invocations=3 (full 0):
 garbage-first heap   total 129024K, used 11459K [0x0000000083200000, 0x0000000100000000)
  region size 1024K, 6 young (6144K), 6 survivors (6144K)
 Metaspace       used 21308K, committed 21504K, reserved 1114112K
  class space    used 2582K, committed 2688K, reserved 1048576K
}
Event: 37.770 GC heap before
{Heap before GC invocations=4 (full 0):
 garbage-first heap   total 45056K, used 31939K [0x0000000083200000, 0x0000000100000000)
  region size 1024K, 26 young (26624K), 6 survivors (6144K)
 Metaspace       used 26482K, committed 26816K, reserved 1114112K
  class space    used 3232K, committed 3392K, reserved 1048576K
}
Event: 37.777 GC heap after
{Heap after GC invocations=5 (full 0):
 garbage-first heap   total 45056K, used 13260K [0x0000000083200000, 0x0000000100000000)
  region size 1024K, 2 young (2048K), 2 survivors (2048K)
 Metaspace       used 26482K, committed 26816K, reserved 1114112K
  class space    used 3232K, committed 3392K, reserved 1048576K
}
Event: 61.237 GC heap before
{Heap before GC invocations=5 (full 0):
 garbage-first heap   total 45056K, used 14284K [0x0000000083200000, 0x0000000100000000)
  region size 1024K, 3 young (3072K), 2 survivors (2048K)
 Metaspace       used 26605K, committed 26880K, reserved 1114112K
  class space    used 3240K, committed 3392K, reserved 1048576K
}
Event: 61.240 GC heap after
{Heap after GC invocations=6 (full 0):
 garbage-first heap   total 45056K, used 13598K [0x0000000083200000, 0x0000000100000000)
  region size 1024K, 1 young (1024K), 1 survivors (1024K)
 Metaspace       used 26605K, committed 26880K, reserved 1114112K
  class space    used 3240K, committed 3392K, reserved 1048576K
}
Event: 269.356 GC heap before
{Heap before GC invocations=6 (full 0):
 garbage-first heap   total 45056K, used 31006K [0x0000000083200000, 0x0000000100000000)
  region size 1024K, 19 young (19456K), 1 survivors (1024K)
 Metaspace       used 26963K, committed 27264K, reserved 1114112K
  class space    used 3272K, committed 3392K, reserved 1048576K
}
Event: 269.391 GC heap after
{Heap after GC invocations=7 (full 0):
 garbage-first heap   total 45056K, used 13509K [0x0000000083200000, 0x0000000100000000)
  region size 1024K, 1 young (1024K), 1 survivors (1024K)
 Metaspace       used 26963K, committed 27264K, reserved 1114112K
  class space    used 3272K, committed 3392K, reserved 1048576K
}
Event: 288.377 GC heap before
{Heap before GC invocations=7 (full 0):
 garbage-first heap   total 45056K, used 31941K [0x0000000083200000, 0x0000000100000000)
  region size 1024K, 20 young (20480K), 1 survivors (1024K)
 Metaspace       used 26998K, committed 27328K, reserved 1114112K
  class space    used 3273K, committed 3392K, reserved 1048576K
}
Event: 288.383 GC heap after
{Heap after GC invocations=8 (full 0):
 garbage-first heap   total 45056K, used 13683K [0x0000000083200000, 0x0000000100000000)
  region size 1024K, 1 young (1024K), 1 survivors (1024K)
 Metaspace       used 26998K, committed 27328K, reserved 1114112K
  class space    used 3273K, committed 3392K, reserved 1048576K
}
Event: 373.907 GC heap before
{Heap before GC invocations=8 (full 0):
 garbage-first heap   total 45056K, used 33139K [0x0000000083200000, 0x0000000100000000)
  region size 1024K, 21 young (21504K), 1 survivors (1024K)
 Metaspace       used 27049K, committed 27328K, reserved 1114112K
  class space    used 3273K, committed 3392K, reserved 1048576K
}
Event: 373.958 GC heap after
{Heap after GC invocations=9 (full 0):
 garbage-first heap   total 45056K, used 13665K [0x0000000083200000, 0x0000000100000000)
  region size 1024K, 1 young (1024K), 1 survivors (1024K)
 Metaspace       used 27049K, committed 27328K, reserved 1114112K
  class space    used 3273K, committed 3392K, reserved 1048576K
}

Deoptimization events (20 events):
Event: 280.597 Thread 0x000002030f1623a0 DEOPT PACKING pc=0x00000202b24e2342 sp=0x000000d210bfdcb0
Event: 280.597 Thread 0x000002030f1623a0 DEOPT UNPACKING pc=0x00000202b96366e3 sp=0x000000d210bfd1a0 mode 0
Event: 280.597 Thread 0x000002030f1623a0 DEOPT PACKING pc=0x00000202b24e2342 sp=0x000000d210bfdcb0
Event: 280.597 Thread 0x000002030f1623a0 DEOPT UNPACKING pc=0x00000202b96366e3 sp=0x000000d210bfd1a0 mode 0
Event: 391.703 Thread 0x000002030f25b070 Uncommon trap: trap_request=0xffffffcc fr.pc=0x00000202b9ca80e8 relative=0x0000000000000348
Event: 391.704 Thread 0x000002030f25b070 Uncommon trap: reason=intrinsic_or_type_checked_inlining action=make_not_entrant pc=0x00000202b9ca80e8 method=java.util.Arrays.copyOf([Ljava/lang/Object;ILjava/lang/Class;)[Ljava/lang/Object; @ 35 c2
Event: 391.704 Thread 0x000002030f25b070 DEOPT PACKING pc=0x00000202b9ca80e8 sp=0x000000d2110fedf0
Event: 391.705 Thread 0x000002030f25b070 DEOPT UNPACKING pc=0x00000202b9635ba3 sp=0x000000d2110fed80 mode 2
Event: 398.210 Thread 0x000002030f1953d0 Uncommon trap: trap_request=0xffffffb5 fr.pc=0x00000202b9c70438 relative=0x0000000000000458
Event: 398.210 Thread 0x000002030f259390 Uncommon trap: trap_request=0xffffffb5 fr.pc=0x00000202b9c70438 relative=0x0000000000000458
Event: 398.210 Thread 0x000002030f25b070 Uncommon trap: trap_request=0xffffffb5 fr.pc=0x00000202b9c70438 relative=0x0000000000000458
Event: 398.210 Thread 0x000002030f1953d0 Uncommon trap: reason=unloaded action=reinterpret pc=0x00000202b9c70438 method=sun.nio.ch.SocketChannelImpl.read(Ljava/nio/ByteBuffer;)I @ 194 c2
Event: 398.210 Thread 0x000002030f25b070 Uncommon trap: reason=unloaded action=reinterpret pc=0x00000202b9c70438 method=sun.nio.ch.SocketChannelImpl.read(Ljava/nio/ByteBuffer;)I @ 194 c2
Event: 398.211 Thread 0x000002030f25b070 DEOPT PACKING pc=0x00000202b9c70438 sp=0x000000d2110fef60
Event: 398.211 Thread 0x000002030f1953d0 DEOPT PACKING pc=0x00000202b9c70438 sp=0x000000d210dfef50
Event: 398.210 Thread 0x000002030f259390 Uncommon trap: reason=unloaded action=reinterpret pc=0x00000202b9c70438 method=sun.nio.ch.SocketChannelImpl.read(Ljava/nio/ByteBuffer;)I @ 194 c2
Event: 398.211 Thread 0x000002030f25b070 DEOPT UNPACKING pc=0x00000202b9635ba3 sp=0x000000d2110fef08 mode 2
Event: 398.211 Thread 0x000002030f259390 DEOPT PACKING pc=0x00000202b9c70438 sp=0x000000d210ffef10
Event: 398.211 Thread 0x000002030f259390 DEOPT UNPACKING pc=0x00000202b9635ba3 sp=0x000000d210ffeeb8 mode 2
Event: 398.211 Thread 0x000002030f1953d0 DEOPT UNPACKING pc=0x00000202b9635ba3 sp=0x000000d210dfeef8 mode 2

Classes unloaded (0 events):
No events

Classes redefined (0 events):
No events

Internal exceptions (20 events):
Event: 2.425 Thread 0x000002030edf7510 Exception <a 'java/lang/NoSuchMethodError'{0x0000000089379fd8}: 'void java.lang.invoke.DirectMethodHandle$Holder.invokeStatic(java.lang.Object, long)'> (0x0000000089379fd8) 
thrown [s\open\src\hotspot\share\interpreter\linkResolver.cpp, line 759]
Event: 2.426 Thread 0x000002030edf7510 Exception <a 'java/lang/NoSuchMethodError'{0x000000008937f310}: 'java.lang.Object java.lang.invoke.DirectMethodHandle$Holder.newInvokeSpecial(java.lang.Object, long)'> (0x000000008937f310) 
thrown [s\open\src\hotspot\share\interpreter\linkResolver.cpp, line 759]
Event: 2.430 Thread 0x000002030edf7510 Exception <a 'java/lang/NoSuchMethodError'{0x0000000089389408}: 'java.lang.Object java.lang.invoke.DirectMethodHandle$Holder.invokeStaticInit(java.lang.Object, java.lang.Object, long, java.lang.Object)'> (0x0000000089389408) 
thrown [s\open\src\hotspot\share\interpreter\linkResolver.cpp, line 759]
Event: 2.431 Thread 0x000002030edf7510 Exception <a 'java/lang/NoSuchMethodError'{0x000000008938f760}: 'java.lang.Object java.lang.invoke.DirectMethodHandle$Holder.newInvokeSpecial(java.lang.Object, java.lang.Object, long)'> (0x000000008938f760) 
thrown [s\open\src\hotspot\share\interpreter\linkResolver.cpp, line 759]
Event: 2.432 Thread 0x000002030edf7510 Exception <a 'java/lang/NoSuchMethodError'{0x0000000089393028}: 'java.lang.Object java.lang.invoke.Invokers$Holder.linkToTargetMethod(java.lang.Object, long, java.lang.Object)'> (0x0000000089393028) 
thrown [s\open\src\hotspot\share\interpreter\linkResolver.cpp, line 759]
Event: 2.559 Thread 0x00000202a900aa80 Exception <a 'java/lang/NoSuchMethodError'{0x0000000089181040}: 'java.lang.Object java.lang.invoke.DirectMethodHandle$Holder.invokeInterface(java.lang.Object, java.lang.Object, java.lang.Object, java.lang.Object)'> (0x0000000089181040) 
thrown [s\open\src\hotspot\share\interpreter\linkResolver.cpp, line 759]
Event: 2.718 Thread 0x000002030f1623a0 Implicit null exception at 0x00000202b9bfc8ad to 0x00000202b9bfd23c
Event: 2.718 Thread 0x000002030f1623a0 Implicit null exception at 0x00000202b9bff891 to 0x00000202b9bff9c8
Event: 2.951 Thread 0x00000202a900aa80 Exception <a 'java/net/BindException'{0x0000000085631320}: Address already in use: bind> (0x0000000085631320) 
thrown [s\open\src\hotspot\share\prims\jni.cpp, line 535]
Event: 3.027 Thread 0x00000202a900aa80 Exception <a 'java/lang/NoSuchMethodError'{0x00000000854cd2b0}: 'long java.lang.invoke.DirectMethodHandle$Holder.invokeSpecial(java.lang.Object, java.lang.Object)'> (0x00000000854cd2b0) 
thrown [s\open\src\hotspot\share\interpreter\linkResolver.cpp, line 759]
Event: 3.049 Thread 0x00000202a900aa80 Exception <a 'java/lang/NoSuchMethodError'{0x00000000851d0ef0}: 'java.lang.Object java.lang.invoke.Invokers$Holder.invoke_MT(java.lang.Object, java.lang.Object, java.lang.Object)'> (0x00000000851d0ef0) 
thrown [s\open\src\hotspot\share\interpreter\linkResolver.cpp, line 759]
Event: 3.051 Thread 0x00000202a900aa80 Exception <a 'java/lang/NoSuchMethodError'{0x00000000851e0f08}: 'long java.lang.invoke.DelegatingMethodHandle$Holder.reinvoke_L(java.lang.Object, java.lang.Object)'> (0x00000000851e0f08) 
thrown [s\open\src\hotspot\share\interpreter\linkResolver.cpp, line 759]
Event: 398.207 Thread 0x000002030f9ee730 Exception <a 'sun/net/ConnectionResetException'{0x0000000088a00038}: Connection reset> (0x0000000088a00038) 
thrown [s\open\src\hotspot\share\prims\jni.cpp, line 535]
Event: 398.207 Thread 0x000002030f25b070 Exception <a 'sun/net/ConnectionResetException'{0x0000000088bcb330}: Connection reset> (0x0000000088bcb330) 
thrown [s\open\src\hotspot\share\prims\jni.cpp, line 535]
Event: 398.208 Thread 0x000002030f259390 Exception <a 'sun/net/ConnectionResetException'{0x0000000088c5afc8}: Connection reset> (0x0000000088c5afc8) 
thrown [s\open\src\hotspot\share\prims\jni.cpp, line 535]
Event: 398.208 Thread 0x000002030f1953d0 Exception <a 'sun/net/ConnectionResetException'{0x0000000088bf43f8}: Connection reset> (0x0000000088bf43f8) 
thrown [s\open\src\hotspot\share\prims\jni.cpp, line 535]
Event: 398.316 Thread 0x000002030f1953d0 Exception <a 'java/net/ConnectException'{0x0000000088bf4f00}: Connection refused: connect> (0x0000000088bf4f00) 
thrown [s\open\src\hotspot\share\prims\jni.cpp, line 535]
Event: 398.368 Thread 0x000002030f1953d0 Exception <a 'java/net/ConnectException'{0x0000000088bf5568}: Connection refused: connect> (0x0000000088bf5568) 
thrown [s\open\src\hotspot\share\prims\jni.cpp, line 535]
Event: 398.379 Thread 0x000002030f9ee730 Exception <a 'java/net/ConnectException'{0x0000000088a015a8}: Connection refused: connect> (0x0000000088a015a8) 
thrown [s\open\src\hotspot\share\prims\jni.cpp, line 535]
Event: 398.380 Thread 0x000002030f9ee730 Exception <a 'java/net/ConnectException'{0x0000000088a01b10}: Connection refused: connect> (0x0000000088a01b10) 
thrown [s\open\src\hotspot\share\prims\jni.cpp, line 535]

VM Operations (20 events):
Event: 281.407 Executing VM operation: Cleanup
Event: 281.408 Executing VM operation: Cleanup done
Event: 288.377 Executing VM operation: G1CollectForAllocation
Event: 288.383 Executing VM operation: G1CollectForAllocation done
Event: 307.392 Executing VM operation: Cleanup
Event: 307.393 Executing VM operation: Cleanup done
Event: 308.393 Executing VM operation: Cleanup
Event: 308.394 Executing VM operation: Cleanup done
Event: 312.396 Executing VM operation: Cleanup
Event: 312.396 Executing VM operation: Cleanup done
Event: 320.400 Executing VM operation: Cleanup
Event: 320.429 Executing VM operation: Cleanup done
Event: 340.454 Executing VM operation: Cleanup
Event: 340.455 Executing VM operation: Cleanup done
Event: 373.897 Executing VM operation: G1CollectForAllocation
Event: 373.959 Executing VM operation: G1CollectForAllocation done
Event: 388.966 Executing VM operation: Cleanup
Event: 388.966 Executing VM operation: Cleanup done
Event: 391.967 Executing VM operation: Cleanup
Event: 391.968 Executing VM operation: Cleanup done

Events (20 events):
Event: 25.529 loading class java/io/FileOutputStream$1 done
Event: 63.568 Thread 0x000002030e7bb830 Thread exited: 0x000002030e7bb830
Event: 64.881 loading class jdk/internal/misc/ScopedMemoryAccess$Scope$Handle
Event: 64.881 loading class jdk/internal/misc/ScopedMemoryAccess$Scope$Handle done
Event: 82.194 loading class java/util/concurrent/locks/AbstractQueuedSynchronizer$Node
Event: 82.194 loading class java/util/concurrent/locks/AbstractQueuedSynchronizer$Node done
Event: 270.416 Thread 0x000002030f25bee0 Thread added: 0x000002030f25bee0
Event: 340.617 Thread 0x000002030f25bee0 Thread exited: 0x000002030f25bee0
Event: 398.172 loading class sun/net/ConnectionResetException
Event: 398.201 loading class sun/net/ConnectionResetException done
Event: 398.318 loading class sun/net/util/SocketExceptions
Event: 398.356 loading class sun/net/util/SocketExceptions done
Event: 398.448 loading class java/util/logging/LogRecord
Event: 398.455 loading class java/util/logging/LogRecord done
Event: 398.467 loading class java/time/zone/ZoneRulesProvider
Event: 398.473 loading class java/time/zone/ZoneRulesProvider done
Event: 398.473 loading class java/time/zone/ZoneRulesProvider$1
Event: 398.474 loading class java/time/zone/ZoneRulesProvider$1 done
Event: 398.475 loading class java/time/zone/TzdbZoneRulesProvider
Event: 398.477 loading class java/time/zone/TzdbZoneRulesProvider done


Dynamic libraries:
0x00007ff6a7a40000 - 0x00007ff6a7a50000 	C:\Program Files\Java\jdk-17\bin\java.exe
0x00007ff847a30000 - 0x00007ff847c28000 	C:\Windows\SYSTEM32\ntdll.dll
0x00007ff846b70000 - 0x00007ff846c2d000 	C:\Windows\System32\KERNEL32.DLL
0x00007ff8454c0000 - 0x00007ff8457b6000 	C:\Windows\System32\KERNELBASE.dll
0x00007ff845240000 - 0x00007ff845340000 	C:\Windows\System32\ucrtbase.dll
0x00007ff821f90000 - 0x00007ff821fa9000 	C:\Program Files\Java\jdk-17\bin\jli.dll
0x00007ff81f660000 - 0x00007ff81f67b000 	C:\Program Files\Java\jdk-17\bin\VCRUNTIME140.dll
0x00007ff845a60000 - 0x00007ff845b10000 	C:\Windows\System32\ADVAPI32.dll
0x00007ff845d90000 - 0x00007ff845e2e000 	C:\Windows\System32\msvcrt.dll
0x00007ff8477f0000 - 0x00007ff847890000 	C:\Windows\System32\sechost.dll
0x00007ff845e90000 - 0x00007ff845fb3000 	C:\Windows\System32\RPCRT4.dll
0x00007ff8458c0000 - 0x00007ff8458e7000 	C:\Windows\System32\bcrypt.dll
0x00007ff847170000 - 0x00007ff84730f000 	C:\Windows\System32\USER32.dll
0x00007ff8298b0000 - 0x00007ff829b4a000 	C:\Windows\WinSxS\amd64_microsoft.windows.common-controls_6595b64144ccf1df_6.0.19041.3636_none_60b6a03d71f818d5\COMCTL32.dll
0x00007ff8453e0000 - 0x00007ff845402000 	C:\Windows\System32\win32u.dll
0x00007ff8461a0000 - 0x00007ff8461cb000 	C:\Windows\System32\GDI32.dll
0x00007ff8458f0000 - 0x00007ff845a07000 	C:\Windows\System32\gdi32full.dll
0x00007ff845340000 - 0x00007ff8453dd000 	C:\Windows\System32\msvcp_win.dll
0x00007ff83a1d0000 - 0x00007ff83a1da000 	C:\Windows\SYSTEM32\VERSION.dll
0x00007ff845d50000 - 0x00007ff845d82000 	C:\Windows\System32\IMM32.DLL
0x00007ff821fc0000 - 0x00007ff821fcc000 	C:\Program Files\Java\jdk-17\bin\vcruntime140_1.dll
0x00007ff81e4b0000 - 0x00007ff81e53e000 	C:\Program Files\Java\jdk-17\bin\msvcp140.dll
0x00007ff81d8d0000 - 0x00007ff81e4ae000 	C:\Program Files\Java\jdk-17\bin\server\jvm.dll
0x00007ff8479e0000 - 0x00007ff8479e8000 	C:\Windows\System32\PSAPI.DLL
0x00007ff827b10000 - 0x00007ff827b19000 	C:\Windows\SYSTEM32\WSOCK32.dll
0x00007ff82b260000 - 0x00007ff82b287000 	C:\Windows\SYSTEM32\WINMM.dll
0x00007ff846b00000 - 0x00007ff846b6b000 	C:\Windows\System32\WS2_32.dll
0x00007ff8438f0000 - 0x00007ff843902000 	C:\Windows\SYSTEM32\kernel.appcore.dll
0x00007ff81ef90000 - 0x00007ff81ef9a000 	C:\Program Files\Java\jdk-17\bin\jimage.dll
0x00007ff8435e0000 - 0x00007ff8437c4000 	C:\Windows\SYSTEM32\DBGHELP.DLL
0x00007ff831870000 - 0x00007ff8318a4000 	C:\Windows\SYSTEM32\dbgcore.DLL
0x00007ff845830000 - 0x00007ff8458b2000 	C:\Windows\System32\bcryptPrimitives.dll
0x00007ff81d180000 - 0x00007ff81d1a5000 	C:\Program Files\Java\jdk-17\bin\java.dll
0x00007ff81cb00000 - 0x00007ff81cbd7000 	C:\Program Files\Java\jdk-17\bin\jsvml.dll
0x00007ff846390000 - 0x00007ff846afb000 	C:\Windows\System32\SHELL32.dll
0x00007ff842d70000 - 0x00007ff84350e000 	C:\Windows\SYSTEM32\windows.storage.dll
0x00007ff847370000 - 0x00007ff8476c3000 	C:\Windows\System32\combase.dll
0x00007ff844aa0000 - 0x00007ff844ace000 	C:\Windows\SYSTEM32\Wldp.dll
0x00007ff8461e0000 - 0x00007ff8462ad000 	C:\Windows\System32\OLEAUT32.dll
0x00007ff847910000 - 0x00007ff8479bd000 	C:\Windows\System32\SHCORE.dll
0x00007ff846c30000 - 0x00007ff846c85000 	C:\Windows\System32\shlwapi.dll
0x00007ff845010000 - 0x00007ff845033000 	C:\Windows\SYSTEM32\profapi.dll
0x00007ff81c550000 - 0x00007ff81c569000 	C:\Program Files\Java\jdk-17\bin\net.dll
0x00007ff836b60000 - 0x00007ff836c6a000 	C:\Windows\SYSTEM32\WINHTTP.dll
0x00007ff844780000 - 0x00007ff8447ea000 	C:\Windows\system32\mswsock.dll
0x00007ff81c530000 - 0x00007ff81c546000 	C:\Program Files\Java\jdk-17\bin\nio.dll
0x00007ff81c510000 - 0x00007ff81c528000 	C:\Program Files\Java\jdk-17\bin\zip.dll
0x00007ff814b70000 - 0x00007ff814b7a000 	C:\Program Files\Java\jdk-17\bin\management.dll
0x00007ff814b60000 - 0x00007ff814b6b000 	C:\Program Files\Java\jdk-17\bin\management_ext.dll
0x00007ff8165d0000 - 0x00007ff8165de000 	C:\Program Files\Java\jdk-17\bin\sunmscapi.dll
0x00007ff8450e0000 - 0x00007ff84523e000 	C:\Windows\System32\CRYPT32.dll
0x00007ff844b10000 - 0x00007ff844b38000 	C:\Windows\SYSTEM32\ncrypt.dll
0x00007ff844ad0000 - 0x00007ff844b0b000 	C:\Windows\SYSTEM32\NTASN1.dll
0x00007ff814b80000 - 0x00007ff814b87000 	C:\Windows\system32\wshunix.dll
0x00007ff8449a0000 - 0x00007ff8449b8000 	C:\Windows\SYSTEM32\CRYPTSP.dll
0x00007ff844080000 - 0x00007ff8440b4000 	C:\Windows\system32\rsaenh.dll
0x00007ff844f90000 - 0x00007ff844fbe000 	C:\Windows\SYSTEM32\USERENV.dll
0x00007ff844990000 - 0x00007ff84499c000 	C:\Windows\SYSTEM32\CRYPTBASE.dll
0x00007ff844450000 - 0x00007ff84448b000 	C:\Windows\SYSTEM32\IPHLPAPI.DLL
0x00007ff847100000 - 0x00007ff847108000 	C:\Windows\System32\NSI.dll
0x00007ff835d60000 - 0x00007ff835d77000 	C:\Windows\SYSTEM32\dhcpcsvc6.DLL
0x00007ff836af0000 - 0x00007ff836b0d000 	C:\Windows\SYSTEM32\dhcpcsvc.DLL
0x00007ff844490000 - 0x00007ff84455b000 	C:\Windows\SYSTEM32\DNSAPI.dll
0x00007ff83a1e0000 - 0x00007ff83a1ea000 	C:\Windows\System32\rasadhlp.dll
0x00007ff834a00000 - 0x00007ff834a80000 	C:\Windows\System32\fwpuclnt.dll
0x00007ff805800000 - 0x00007ff805817000 	C:\Windows\system32\napinsp.dll
0x00007ff8057e0000 - 0x00007ff8057fb000 	C:\Windows\system32\pnrpnsp.dll
0x00007ff83f040000 - 0x00007ff83f055000 	C:\Windows\system32\wshbth.dll
0x00007ff83fb10000 - 0x00007ff83fb2d000 	C:\Windows\system32\NLAapi.dll
0x00007ff8057c0000 - 0x00007ff8057d2000 	C:\Windows\System32\winrnr.dll

dbghelp: loaded successfully - version: 4.0.5 - missing functions: none
symbol engine: initialized successfully - sym options: 0x614 - pdb path: .;C:\Program Files\Java\jdk-17\bin;C:\Windows\SYSTEM32;C:\Windows\WinSxS\amd64_microsoft.windows.common-controls_6595b64144ccf1df_6.0.19041.3636_none_60b6a03d71f818d5;C:\Program Files\Java\jdk-17\bin\server

VM Arguments:
jvm_args: -Djava.awt.headless=true -Djava.util.logging.config.file=C:\Users\andyk\.android\utp\logging10282557038944736970properties -Dfile.encoding=UTF-8 -Duser.country=RU -Duser.language=ru -Duser.variant 
java_command: com.google.testing.platform.launcher.Launcher C:\Users\andyk\.gradle\caches\modules-2\files-2.1\com.google.testing.platform\core\0.0.8-alpha07\185ff5f0c2380a7a283320bc5ec9130dbcbbb030\core-0.0.8-alpha07.jar --proto_config=C:\Users\andyk\.android\utp\runnerConfig7530380933645665322.pb --proto_server_config=C:\Users\andyk\.android\utp\serverConfig12692373199467679159.pb
java_class_path (initial): C:\Users\andyk\.gradle\caches\modules-2\files-2.1\com.google.testing.platform\launcher\0.0.8-alpha07\47d15094202612b26f5a07fbfbe17ff8900a58c4\launcher-0.0.8-alpha07.jar
Launcher Type: SUN_STANDARD

[Global flags]
     intx CICompilerCount                          = 3                                         {product} {ergonomic}
     uint ConcGCThreads                            = 1                                         {product} {ergonomic}
     uint G1ConcRefinementThreads                  = 4                                         {product} {ergonomic}
   size_t G1HeapRegionSize                         = 1048576                                   {product} {ergonomic}
    uintx GCDrainStackTargetSize                   = 64                                        {product} {ergonomic}
   size_t InitialHeapSize                          = 132120576                                 {product} {ergonomic}
   size_t MarkStackSize                            = 4194304                                   {product} {ergonomic}
   size_t MaxHeapSize                              = 2095054848                                {product} {ergonomic}
   size_t MaxNewSize                               = 1256194048                                {product} {ergonomic}
   size_t MinHeapDeltaBytes                        = 1048576                                   {product} {ergonomic}
   size_t MinHeapSize                              = 8388608                                   {product} {ergonomic}
    uintx NonNMethodCodeHeapSize                   = 5832780                                {pd product} {ergonomic}
    uintx NonProfiledCodeHeapSize                  = 122912730                              {pd product} {ergonomic}
    uintx ProfiledCodeHeapSize                     = 122912730                              {pd product} {ergonomic}
    uintx ReservedCodeCacheSize                    = 251658240                              {pd product} {ergonomic}
     bool SegmentedCodeCache                       = true                                      {product} {ergonomic}
   size_t SoftMaxHeapSize                          = 2095054848                             {manageable} {ergonomic}
     bool UseCompressedClassPointers               = true                           {product lp64_product} {ergonomic}
     bool UseCompressedOops                        = true                           {product lp64_product} {ergonomic}
     bool UseG1GC                                  = true                                      {product} {ergonomic}
     bool UseLargePagesIndividualAllocation        = false                                  {pd product} {ergonomic}

Logging:
Log output configuration:
 #0: stdout all=warning uptime,level,tags
 #1: stderr all=off uptime,level,tags

Environment Variables:
JAVA_HOME=C:\Program Files\Java\jdk-17
CLASSPATH=C:\Programming\Diploma\fmh-android\\gradle\wrapper\gradle-wrapper.jar
PATH=C:\Program Files\Common Files\Oracle\Java\javapath;C:\Program Files\Eclipse Adoptium\jdk-19.0.1.10-hotspot\bin;C:\Windows\system32;C:\Windows;C:\Windows\System32\Wbem;C:\Windows\System32\WindowsPowerShell\v1.0\;C:\Windows\System32\OpenSSH\;C:\Program Files (x86)\QuickTime\QTSystem\;C:\Program Files\Microsoft SQL Server\150\Tools\Binn\;C:\Program Files\Microsoft SQL Server\Client SDK\ODBC\170\Tools\Binn\;C:\Program Files (x86)\Microsoft SQL Server\150\Tools\Binn\;C:\Program Files\Microsoft SQL Server\150\DTS\Binn\;C:\Program Files\Git\cmd;C:\ProgramData\chocolatey\bin;C:\Program Files\Docker\Docker\resources\bin;C:\Program Files\nodejs\;C:\Users\andyk\AppData\Local\Android\Sdk\platform-tools;C:\Users\andyk\AppData\Local\Microsoft\WindowsApps;C:\Program Files\Tesseract-OCR;C:\dart-sdk\bin;C:\Program Files\JetBrains\WebStorm 2023.2\bin;;C:\Users\andyk\AppData\Local\Programs\Microsoft VS Code\bin;C:\Users\andyk\AppData\Roaming\npm;C:\Users\andyk\AppData\Local\Android\Sdk\platform-tools;
USERNAME=andyk
OS=Windows_NT
PROCESSOR_IDENTIFIER=Intel64 Family 6 Model 126 Stepping 5, GenuineIntel



---------------  S Y S T E M  ---------------

OS:
 Windows 10 , 64 bit Build 19041 (10.0.19041.3636)
OS uptime: 0 days 19:24 hours
Hyper-V role detected

CPU: total 4 (initial active 4) (2 cores per cpu, 2 threads per core) family 6 model 126 stepping 5 microcode 0xa6, cx8, cmov, fxsr, ht, mmx, 3dnowpref, sse, sse2, sse3, ssse3, sse4.1, sse4.2, popcnt, lzcnt, tsc, tscinvbit, avx, avx2, aes, erms, clmul, bmi1, bmi2, adx, avx512f, avx512dq, avx512cd, avx512bw, avx512vl, sha, fma, vzeroupper, avx512_vpopcntdq, avx512_vpclmulqdq, avx512_vaes, avx512_vnni, clflush, clflushopt, avx512_vbmi2, avx512_vbmi, hv

Memory: 4k page, system-wide physical 7987M (137M free)
TotalPageFile size 20275M (AvailPageFile size 0M)
current process WorkingSet (physical memory assigned to process): 52M, peak: 156M
current process commit charge ("private bytes"): 195M, peak: 276M

vm_info: Java HotSpot(TM) 64-Bit Server VM (17.0.8+9-LTS-211) for windows-amd64 JRE (17.0.8+9-LTS-211), built on Jun 14 2023 10:34:31 by "mach5one" with MS VC++ 17.1 (VS2022)

END.
